<?xml version="1.0" encoding="UTF-8"?>
<!-- Generated by org.testng.reporters.JUnitXMLReporter -->
<testsuite ignored="0" hostname="DESKTOP-AMAV84R" failures="1" tests="16" name="ChromeTest" time="341.22" errors="0" timestamp="2025-06-09T07:37:14 IST">
  <testcase classname="testscript.AdminUsersTest" name="verifyAdminUsersTest" time="20.327">
    <skipped/>
  </testcase> <!-- verifyAdminUsersTest -->
  <testcase classname="testscript.AdminUsersTest" name="verifyAdminUsersTest" time="4.576"/>
  <testcase classname="testscript.ManageContactTest" name="verifyContactDetailsUpdateSuccessfullyinContactUsPage" time="6.262"/>
  <testcase classname="testscript.ManageCategoryTest" name="verifyItemsEnteredInManageCategoryPageShouldBeEnteredSuccessfully" time="11.422"/>
  <testcase classname="testscript.HomeTest" name="verifyLogOutAvatarByClickOnIt" time="8.57"/>
  <testcase classname="testscript.LoginTest" name="verifyLoginPageWithIncorrectUserNameandIncorrectPassword" time="1.374"/>
  <testcase classname="testscript.ManageFooterTextTest" name="verifyManageFooterTextPage" time="5.632"/>
  <testcase classname="testscript.ManageNewsTest" name="verifyManageNewsPage" time="11.393"/>
  <testcase classname="testscript.ManageFooterTextTest" name="verifyUpdateButtonDisplayedSuccessfully" time="3.123"/>
  <testcase classname="testscript.ManageContactTest" name="verifyUpdateButtoninContactUsPageDisplayedSuccessfully" time="5.218"/>
  <testcase classname="testscript.ManageCategoryTest" name="verifyitemselectedForDeletesuccessfullyDeleteFromListCategories" time="18.446">
    <skipped/>
  </testcase> <!-- verifyitemselectedForDeletesuccessfullyDeleteFromListCategories -->
  <testcase classname="testscript.ManageCategoryTest" name="verifyitemselectedForDeletesuccessfullyDeleteFromListCategories" time="22.447">
    <skipped/>
  </testcase> <!-- verifyitemselectedForDeletesuccessfullyDeleteFromListCategories -->
  <testcase classname="testscript.ManageCategoryTest" name="verifyitemselectedForDeletesuccessfullyDeleteFromListCategories" time="16.728">
    <failure type="org.openqa.selenium.NoSuchElementException" message="no such element: Unable to locate element: {&amp;quot;method&amp;quot;:&amp;quot;xpath&amp;quot;,&amp;quot;selector&amp;quot;:&amp;quot;//a[@href=&amp;apos;https://groceryapp.uniqassosiates.com/admin/category/delete?del=2405&amp;amp;page_ad=1&amp;apos; and @class=&amp;apos;btn btn-sm btn btn-danger btncss&amp;apos;]&amp;quot;}
  (Session info: chrome=137.0.7151.69)
For documentation on this error, please visit: https://www.selenium.dev/documentation/webdriver/troubleshooting/errors#no-such-element-exception
Build info: version: &amp;apos;4.15.0&amp;apos;, revision: &amp;apos;1d14b5521b&amp;apos;
System info: os.name: &amp;apos;Windows 10&amp;apos;, os.arch: &amp;apos;amd64&amp;apos;, os.version: &amp;apos;10.0&amp;apos;, java.version: &amp;apos;21.0.5&amp;apos;
Driver info: org.openqa.selenium.chrome.ChromeDriver
Command: [eeb42938415e3892a07874f389e0a539, findElement {using=xpath, value=//a[@href=&amp;apos;https://groceryapp.uniqassosiates.com/admin/category/delete?del=2405&amp;amp;page_ad=1&amp;apos; and @class=&amp;apos;btn btn-sm btn btn-danger btncss&amp;apos;]}]
Capabilities {acceptInsecureCerts: false, browserName: chrome, browserVersion: 137.0.7151.69, chrome: {chromedriverVersion: 137.0.7151.68 (2989ffee9373..., userDataDir: C:\Users\user\AppData\Local...}, fedcm:accounts: true, goog:chromeOptions: {debuggerAddress: localhost:58486}, networkConnectionEnabled: false, pageLoadStrategy: normal, platformName: windows, proxy: Proxy(), se:cdp: ws://localhost:58486/devtoo..., se:cdpVersion: 137.0.7151.69, setWindowRect: true, strictFileInteractability: false, timeouts: {implicit: 0, pageLoad: 300000, script: 30000}, unhandledPromptBehavior: dismiss and notify, webauthn:extension:credBlob: true, webauthn:extension:largeBlob: true, webauthn:extension:minPinLength: true, webauthn:extension:prf: true, webauthn:virtualAuthenticators: true}
Session ID: eeb42938415e3892a07874f389e0a539">
      <![CDATA[org.openqa.selenium.NoSuchElementException: no such element: Unable to locate element: {"method":"xpath","selector":"//a[@href='https://groceryapp.uniqassosiates.com/admin/category/delete?del=2405&page_ad=1' and @class='btn btn-sm btn btn-danger btncss']"}
  (Session info: chrome=137.0.7151.69)
For documentation on this error, please visit: https://www.selenium.dev/documentation/webdriver/troubleshooting/errors#no-such-element-exception
Build info: version: '4.15.0', revision: '1d14b5521b'
System info: os.name: 'Windows 10', os.arch: 'amd64', os.version: '10.0', java.version: '21.0.5'
Driver info: org.openqa.selenium.chrome.ChromeDriver
Command: [eeb42938415e3892a07874f389e0a539, findElement {using=xpath, value=//a[@href='https://groceryapp.uniqassosiates.com/admin/category/delete?del=2405&page_ad=1' and @class='btn btn-sm btn btn-danger btncss']}]
Capabilities {acceptInsecureCerts: false, browserName: chrome, browserVersion: 137.0.7151.69, chrome: {chromedriverVersion: 137.0.7151.68 (2989ffee9373..., userDataDir: C:\Users\user\AppData\Local...}, fedcm:accounts: true, goog:chromeOptions: {debuggerAddress: localhost:58486}, networkConnectionEnabled: false, pageLoadStrategy: normal, platformName: windows, proxy: Proxy(), se:cdp: ws://localhost:58486/devtoo..., se:cdpVersion: 137.0.7151.69, setWindowRect: true, strictFileInteractability: false, timeouts: {implicit: 0, pageLoad: 300000, script: 30000}, unhandledPromptBehavior: dismiss and notify, webauthn:extension:credBlob: true, webauthn:extension:largeBlob: true, webauthn:extension:minPinLength: true, webauthn:extension:prf: true, webauthn:virtualAuthenticators: true}
Session ID: eeb42938415e3892a07874f389e0a539
at org.openqa.selenium.remote.codec.w3c.W3CHttpResponseCodec.createException(W3CHttpResponseCodec.java:200)
at org.openqa.selenium.remote.codec.w3c.W3CHttpResponseCodec.decode(W3CHttpResponseCodec.java:133)
at org.openqa.selenium.remote.codec.w3c.W3CHttpResponseCodec.decode(W3CHttpResponseCodec.java:52)
at org.openqa.selenium.remote.HttpCommandExecutor.execute(HttpCommandExecutor.java:191)
at org.openqa.selenium.remote.service.DriverCommandExecutor.invokeExecute(DriverCommandExecutor.java:200)
at org.openqa.selenium.remote.service.DriverCommandExecutor.execute(DriverCommandExecutor.java:175)
at org.openqa.selenium.remote.RemoteWebDriver.execute(RemoteWebDriver.java:607)
at org.openqa.selenium.remote.ElementLocation$ElementFinder$2.findElement(ElementLocation.java:165)
at org.openqa.selenium.remote.ElementLocation.findElement(ElementLocation.java:59)
at org.openqa.selenium.remote.RemoteWebDriver.findElement(RemoteWebDriver.java:364)
at org.openqa.selenium.remote.RemoteWebDriver.findElement(RemoteWebDriver.java:358)
at org.openqa.selenium.support.pagefactory.DefaultElementLocator.findElement(DefaultElementLocator.java:68)
at org.openqa.selenium.support.pagefactory.internal.LocatingElementHandler.invoke(LocatingElementHandler.java:38)
at jdk.proxy2/jdk.proxy2.$Proxy16.click(Unknown Source)
at pages.ManageCategoryPage.clickDeleteButton(ManageCategoryPage.java:153)
at testscript.ManageCategoryTest.verifyitemselectedForDeletesuccessfullyDeleteFromListCategories(ManageCategoryTest.java:72)
at java.base/java.util.ArrayList.forEach(ArrayList.java:1596)
at java.base/java.util.concurrent.FutureTask.run(FutureTask.java:317)
at java.base/java.util.concurrent.ThreadPoolExecutor.runWorker(ThreadPoolExecutor.java:1144)
at java.base/java.util.concurrent.ThreadPoolExecutor$Worker.run(ThreadPoolExecutor.java:642)
at java.base/java.lang.Thread.run(Thread.java:1583)
... Removed 18 stack frames]]>
    </failure>
  </testcase> <!-- verifyitemselectedForDeletesuccessfullyDeleteFromListCategories -->
  <testcase classname="testscript.LoginTest" name="verifyLoginPageWithCorrectUserNameandCorrectPassword" time="3.707"/>
  <testcase classname="testscript.LoginTest" name="verifyLoginPageWithCorrectUserNameandIncorrectPassword" time="2.003"/>
  <testcase classname="testscript.LoginTest" name="verifyLoginPageWithIncorrectUserNameandCorrectPassword" time="3.172"/>
</testsuite> <!-- ChromeTest -->
